:: loading settings :: url = jar:file:/opt/bitnami/spark/jars/ivy-2.5.0.jar!/org/apache/ivy/core/settings/ivysettings.xml
Ivy Default Cache set to: /opt/bitnami/spark/.ivy2/cache
The jars for the packages stored in: /opt/bitnami/spark/.ivy2/jars
org.apache.spark#spark-sql-kafka-0-10_2.12 added as a dependency
:: resolving dependencies :: org.apache.spark#spark-submit-parent-41886949-6714-444d-9449-b73f041f5bcd;1.0
	confs: [default]
	found org.apache.spark#spark-sql-kafka-0-10_2.12;3.0.0 in central
	found org.apache.spark#spark-token-provider-kafka-0-10_2.12;3.0.0 in central
	found org.apache.kafka#kafka-clients;2.4.1 in central
	found com.github.luben#zstd-jni;1.4.4-3 in central
	found org.lz4#lz4-java;1.7.1 in central
	found org.xerial.snappy#snappy-java;1.1.7.5 in central
	found org.slf4j#slf4j-api;1.7.30 in central
	found org.spark-project.spark#unused;1.0.0 in central
	found org.apache.commons#commons-pool2;2.6.2 in central
:: resolution report :: resolve 2244ms :: artifacts dl 439ms
	:: modules in use:
	com.github.luben#zstd-jni;1.4.4-3 from central in [default]
	org.apache.commons#commons-pool2;2.6.2 from central in [default]
	org.apache.kafka#kafka-clients;2.4.1 from central in [default]
	org.apache.spark#spark-sql-kafka-0-10_2.12;3.0.0 from central in [default]
	org.apache.spark#spark-token-provider-kafka-0-10_2.12;3.0.0 from central in [default]
	org.lz4#lz4-java;1.7.1 from central in [default]
	org.slf4j#slf4j-api;1.7.30 from central in [default]
	org.spark-project.spark#unused;1.0.0 from central in [default]
	org.xerial.snappy#snappy-java;1.1.7.5 from central in [default]
	---------------------------------------------------------------------
	|                  |            modules            ||   artifacts   |
	|       conf       | number| search|dwnlded|evicted|| number|dwnlded|
	---------------------------------------------------------------------
	|      default     |   9   |   0   |   0   |   0   ||   9   |   0   |
	---------------------------------------------------------------------
:: retrieving :: org.apache.spark#spark-submit-parent-41886949-6714-444d-9449-b73f041f5bcd
	confs: [default]
	0 artifacts copied, 9 already retrieved (0kB/115ms)
22/07/19 15:24:59 WARN NativeCodeLoader: Unable to load native-hadoop library for your platform... using builtin-java classes where applicable
Using Spark's default log4j profile: org/apache/spark/log4j-defaults.properties
22/07/19 15:25:01 INFO SparkContext: Running Spark version 3.2.1
22/07/19 15:25:01 INFO ResourceUtils: ==============================================================
22/07/19 15:25:01 INFO ResourceUtils: No custom resources configured for spark.driver.
22/07/19 15:25:01 INFO ResourceUtils: ==============================================================
22/07/19 15:25:01 INFO SparkContext: Submitted application: customer-risk-score
22/07/19 15:25:01 INFO ResourceProfile: Default ResourceProfile created, executor resources: Map(cores -> name: cores, amount: 1, script: , vendor: , memory -> name: memory, amount: 1024, script: , vendor: , offHeap -> name: offHeap, amount: 0, script: , vendor: ), task resources: Map(cpus -> name: cpus, amount: 1.0)
22/07/19 15:25:01 INFO ResourceProfile: Limiting resource is cpu
22/07/19 15:25:01 INFO ResourceProfileManager: Added ResourceProfile id: 0
22/07/19 15:25:01 INFO SecurityManager: Changing view acls to: spark
22/07/19 15:25:01 INFO SecurityManager: Changing modify acls to: spark
22/07/19 15:25:01 INFO SecurityManager: Changing view acls groups to: 
22/07/19 15:25:01 INFO SecurityManager: Changing modify acls groups to: 
22/07/19 15:25:01 INFO SecurityManager: SecurityManager: authentication disabled; ui acls disabled; users  with view permissions: Set(spark); groups with view permissions: Set(); users  with modify permissions: Set(spark); groups with modify permissions: Set()
22/07/19 15:25:01 INFO Utils: Successfully started service 'sparkDriver' on port 32985.
22/07/19 15:25:02 INFO SparkEnv: Registering MapOutputTracker
22/07/19 15:25:02 INFO SparkEnv: Registering BlockManagerMaster
22/07/19 15:25:02 INFO BlockManagerMasterEndpoint: Using org.apache.spark.storage.DefaultTopologyMapper for getting topology information
22/07/19 15:25:02 INFO BlockManagerMasterEndpoint: BlockManagerMasterEndpoint up
22/07/19 15:25:02 INFO SparkEnv: Registering BlockManagerMasterHeartbeat
22/07/19 15:25:02 INFO DiskBlockManager: Created local directory at /tmp/blockmgr-7cbd0a07-328b-4eef-aee0-b6e7b9c3c1a5
22/07/19 15:25:02 INFO MemoryStore: MemoryStore started with capacity 366.3 MiB
22/07/19 15:25:02 INFO SparkEnv: Registering OutputCommitCoordinator
22/07/19 15:25:02 WARN Utils: Service 'SparkUI' could not bind on port 4040. Attempting port 4041.
22/07/19 15:25:02 INFO Utils: Successfully started service 'SparkUI' on port 4041.
22/07/19 15:25:02 INFO SparkUI: Bound SparkUI to 0.0.0.0, and started at http://7140c9ecfa3f:4041
22/07/19 15:25:02 INFO SparkContext: Added JAR file:///opt/bitnami/spark/.ivy2/jars/org.apache.spark_spark-sql-kafka-0-10_2.12-3.0.0.jar at spark://7140c9ecfa3f:32985/jars/org.apache.spark_spark-sql-kafka-0-10_2.12-3.0.0.jar with timestamp 1658244301343
22/07/19 15:25:02 INFO SparkContext: Added JAR file:///opt/bitnami/spark/.ivy2/jars/org.apache.spark_spark-token-provider-kafka-0-10_2.12-3.0.0.jar at spark://7140c9ecfa3f:32985/jars/org.apache.spark_spark-token-provider-kafka-0-10_2.12-3.0.0.jar with timestamp 1658244301343
22/07/19 15:25:02 INFO SparkContext: Added JAR file:///opt/bitnami/spark/.ivy2/jars/org.apache.kafka_kafka-clients-2.4.1.jar at spark://7140c9ecfa3f:32985/jars/org.apache.kafka_kafka-clients-2.4.1.jar with timestamp 1658244301343
22/07/19 15:25:02 INFO SparkContext: Added JAR file:///opt/bitnami/spark/.ivy2/jars/org.apache.commons_commons-pool2-2.6.2.jar at spark://7140c9ecfa3f:32985/jars/org.apache.commons_commons-pool2-2.6.2.jar with timestamp 1658244301343
22/07/19 15:25:02 INFO SparkContext: Added JAR file:///opt/bitnami/spark/.ivy2/jars/org.spark-project.spark_unused-1.0.0.jar at spark://7140c9ecfa3f:32985/jars/org.spark-project.spark_unused-1.0.0.jar with timestamp 1658244301343
22/07/19 15:25:02 INFO SparkContext: Added JAR file:///opt/bitnami/spark/.ivy2/jars/com.github.luben_zstd-jni-1.4.4-3.jar at spark://7140c9ecfa3f:32985/jars/com.github.luben_zstd-jni-1.4.4-3.jar with timestamp 1658244301343
22/07/19 15:25:02 INFO SparkContext: Added JAR file:///opt/bitnami/spark/.ivy2/jars/org.lz4_lz4-java-1.7.1.jar at spark://7140c9ecfa3f:32985/jars/org.lz4_lz4-java-1.7.1.jar with timestamp 1658244301343
22/07/19 15:25:02 INFO SparkContext: Added JAR file:///opt/bitnami/spark/.ivy2/jars/org.xerial.snappy_snappy-java-1.1.7.5.jar at spark://7140c9ecfa3f:32985/jars/org.xerial.snappy_snappy-java-1.1.7.5.jar with timestamp 1658244301343
22/07/19 15:25:02 INFO SparkContext: Added JAR file:///opt/bitnami/spark/.ivy2/jars/org.slf4j_slf4j-api-1.7.30.jar at spark://7140c9ecfa3f:32985/jars/org.slf4j_slf4j-api-1.7.30.jar with timestamp 1658244301343
22/07/19 15:25:02 INFO SparkContext: Added file file:///opt/bitnami/spark/.ivy2/jars/org.apache.spark_spark-sql-kafka-0-10_2.12-3.0.0.jar at file:///opt/bitnami/spark/.ivy2/jars/org.apache.spark_spark-sql-kafka-0-10_2.12-3.0.0.jar with timestamp 1658244301343
22/07/19 15:25:02 INFO Utils: Copying /opt/bitnami/spark/.ivy2/jars/org.apache.spark_spark-sql-kafka-0-10_2.12-3.0.0.jar to /tmp/spark-a66d8619-d495-4f9b-ba0c-36bd954c90e3/userFiles-50ffec92-ffa1-4059-9db2-97b31de16601/org.apache.spark_spark-sql-kafka-0-10_2.12-3.0.0.jar
22/07/19 15:25:02 INFO SparkContext: Added file file:///opt/bitnami/spark/.ivy2/jars/org.apache.spark_spark-token-provider-kafka-0-10_2.12-3.0.0.jar at file:///opt/bitnami/spark/.ivy2/jars/org.apache.spark_spark-token-provider-kafka-0-10_2.12-3.0.0.jar with timestamp 1658244301343
22/07/19 15:25:02 INFO Utils: Copying /opt/bitnami/spark/.ivy2/jars/org.apache.spark_spark-token-provider-kafka-0-10_2.12-3.0.0.jar to /tmp/spark-a66d8619-d495-4f9b-ba0c-36bd954c90e3/userFiles-50ffec92-ffa1-4059-9db2-97b31de16601/org.apache.spark_spark-token-provider-kafka-0-10_2.12-3.0.0.jar
22/07/19 15:25:02 INFO SparkContext: Added file file:///opt/bitnami/spark/.ivy2/jars/org.apache.kafka_kafka-clients-2.4.1.jar at file:///opt/bitnami/spark/.ivy2/jars/org.apache.kafka_kafka-clients-2.4.1.jar with timestamp 1658244301343
22/07/19 15:25:02 INFO Utils: Copying /opt/bitnami/spark/.ivy2/jars/org.apache.kafka_kafka-clients-2.4.1.jar to /tmp/spark-a66d8619-d495-4f9b-ba0c-36bd954c90e3/userFiles-50ffec92-ffa1-4059-9db2-97b31de16601/org.apache.kafka_kafka-clients-2.4.1.jar
22/07/19 15:25:03 INFO SparkContext: Added file file:///opt/bitnami/spark/.ivy2/jars/org.apache.commons_commons-pool2-2.6.2.jar at file:///opt/bitnami/spark/.ivy2/jars/org.apache.commons_commons-pool2-2.6.2.jar with timestamp 1658244301343
22/07/19 15:25:03 INFO Utils: Copying /opt/bitnami/spark/.ivy2/jars/org.apache.commons_commons-pool2-2.6.2.jar to /tmp/spark-a66d8619-d495-4f9b-ba0c-36bd954c90e3/userFiles-50ffec92-ffa1-4059-9db2-97b31de16601/org.apache.commons_commons-pool2-2.6.2.jar
22/07/19 15:25:03 INFO SparkContext: Added file file:///opt/bitnami/spark/.ivy2/jars/org.spark-project.spark_unused-1.0.0.jar at file:///opt/bitnami/spark/.ivy2/jars/org.spark-project.spark_unused-1.0.0.jar with timestamp 1658244301343
22/07/19 15:25:03 INFO Utils: Copying /opt/bitnami/spark/.ivy2/jars/org.spark-project.spark_unused-1.0.0.jar to /tmp/spark-a66d8619-d495-4f9b-ba0c-36bd954c90e3/userFiles-50ffec92-ffa1-4059-9db2-97b31de16601/org.spark-project.spark_unused-1.0.0.jar
22/07/19 15:25:03 INFO SparkContext: Added file file:///opt/bitnami/spark/.ivy2/jars/com.github.luben_zstd-jni-1.4.4-3.jar at file:///opt/bitnami/spark/.ivy2/jars/com.github.luben_zstd-jni-1.4.4-3.jar with timestamp 1658244301343
22/07/19 15:25:03 INFO Utils: Copying /opt/bitnami/spark/.ivy2/jars/com.github.luben_zstd-jni-1.4.4-3.jar to /tmp/spark-a66d8619-d495-4f9b-ba0c-36bd954c90e3/userFiles-50ffec92-ffa1-4059-9db2-97b31de16601/com.github.luben_zstd-jni-1.4.4-3.jar
22/07/19 15:25:03 INFO SparkContext: Added file file:///opt/bitnami/spark/.ivy2/jars/org.lz4_lz4-java-1.7.1.jar at file:///opt/bitnami/spark/.ivy2/jars/org.lz4_lz4-java-1.7.1.jar with timestamp 1658244301343
22/07/19 15:25:03 INFO Utils: Copying /opt/bitnami/spark/.ivy2/jars/org.lz4_lz4-java-1.7.1.jar to /tmp/spark-a66d8619-d495-4f9b-ba0c-36bd954c90e3/userFiles-50ffec92-ffa1-4059-9db2-97b31de16601/org.lz4_lz4-java-1.7.1.jar
22/07/19 15:25:03 INFO SparkContext: Added file file:///opt/bitnami/spark/.ivy2/jars/org.xerial.snappy_snappy-java-1.1.7.5.jar at file:///opt/bitnami/spark/.ivy2/jars/org.xerial.snappy_snappy-java-1.1.7.5.jar with timestamp 1658244301343
22/07/19 15:25:03 INFO Utils: Copying /opt/bitnami/spark/.ivy2/jars/org.xerial.snappy_snappy-java-1.1.7.5.jar to /tmp/spark-a66d8619-d495-4f9b-ba0c-36bd954c90e3/userFiles-50ffec92-ffa1-4059-9db2-97b31de16601/org.xerial.snappy_snappy-java-1.1.7.5.jar
22/07/19 15:25:03 INFO SparkContext: Added file file:///opt/bitnami/spark/.ivy2/jars/org.slf4j_slf4j-api-1.7.30.jar at file:///opt/bitnami/spark/.ivy2/jars/org.slf4j_slf4j-api-1.7.30.jar with timestamp 1658244301343
22/07/19 15:25:03 INFO Utils: Copying /opt/bitnami/spark/.ivy2/jars/org.slf4j_slf4j-api-1.7.30.jar to /tmp/spark-a66d8619-d495-4f9b-ba0c-36bd954c90e3/userFiles-50ffec92-ffa1-4059-9db2-97b31de16601/org.slf4j_slf4j-api-1.7.30.jar
22/07/19 15:25:03 INFO Executor: Starting executor ID driver on host 7140c9ecfa3f
22/07/19 15:25:03 INFO Executor: Fetching file:///opt/bitnami/spark/.ivy2/jars/org.apache.spark_spark-token-provider-kafka-0-10_2.12-3.0.0.jar with timestamp 1658244301343
22/07/19 15:25:03 INFO Utils: /opt/bitnami/spark/.ivy2/jars/org.apache.spark_spark-token-provider-kafka-0-10_2.12-3.0.0.jar has been previously copied to /tmp/spark-a66d8619-d495-4f9b-ba0c-36bd954c90e3/userFiles-50ffec92-ffa1-4059-9db2-97b31de16601/org.apache.spark_spark-token-provider-kafka-0-10_2.12-3.0.0.jar
22/07/19 15:25:03 INFO Executor: Fetching file:///opt/bitnami/spark/.ivy2/jars/com.github.luben_zstd-jni-1.4.4-3.jar with timestamp 1658244301343
22/07/19 15:25:04 INFO Utils: /opt/bitnami/spark/.ivy2/jars/com.github.luben_zstd-jni-1.4.4-3.jar has been previously copied to /tmp/spark-a66d8619-d495-4f9b-ba0c-36bd954c90e3/userFiles-50ffec92-ffa1-4059-9db2-97b31de16601/com.github.luben_zstd-jni-1.4.4-3.jar
22/07/19 15:25:04 INFO Executor: Fetching file:///opt/bitnami/spark/.ivy2/jars/org.xerial.snappy_snappy-java-1.1.7.5.jar with timestamp 1658244301343
22/07/19 15:25:04 INFO Utils: /opt/bitnami/spark/.ivy2/jars/org.xerial.snappy_snappy-java-1.1.7.5.jar has been previously copied to /tmp/spark-a66d8619-d495-4f9b-ba0c-36bd954c90e3/userFiles-50ffec92-ffa1-4059-9db2-97b31de16601/org.xerial.snappy_snappy-java-1.1.7.5.jar
22/07/19 15:25:04 INFO Executor: Fetching file:///opt/bitnami/spark/.ivy2/jars/org.apache.kafka_kafka-clients-2.4.1.jar with timestamp 1658244301343
22/07/19 15:25:04 INFO Utils: /opt/bitnami/spark/.ivy2/jars/org.apache.kafka_kafka-clients-2.4.1.jar has been previously copied to /tmp/spark-a66d8619-d495-4f9b-ba0c-36bd954c90e3/userFiles-50ffec92-ffa1-4059-9db2-97b31de16601/org.apache.kafka_kafka-clients-2.4.1.jar
22/07/19 15:25:04 INFO Executor: Fetching file:///opt/bitnami/spark/.ivy2/jars/org.apache.spark_spark-sql-kafka-0-10_2.12-3.0.0.jar with timestamp 1658244301343
22/07/19 15:25:04 INFO Utils: /opt/bitnami/spark/.ivy2/jars/org.apache.spark_spark-sql-kafka-0-10_2.12-3.0.0.jar has been previously copied to /tmp/spark-a66d8619-d495-4f9b-ba0c-36bd954c90e3/userFiles-50ffec92-ffa1-4059-9db2-97b31de16601/org.apache.spark_spark-sql-kafka-0-10_2.12-3.0.0.jar
22/07/19 15:25:04 INFO Executor: Fetching file:///opt/bitnami/spark/.ivy2/jars/org.apache.commons_commons-pool2-2.6.2.jar with timestamp 1658244301343
22/07/19 15:25:04 INFO Utils: /opt/bitnami/spark/.ivy2/jars/org.apache.commons_commons-pool2-2.6.2.jar has been previously copied to /tmp/spark-a66d8619-d495-4f9b-ba0c-36bd954c90e3/userFiles-50ffec92-ffa1-4059-9db2-97b31de16601/org.apache.commons_commons-pool2-2.6.2.jar
22/07/19 15:25:04 INFO Executor: Fetching file:///opt/bitnami/spark/.ivy2/jars/org.spark-project.spark_unused-1.0.0.jar with timestamp 1658244301343
22/07/19 15:25:04 INFO Utils: /opt/bitnami/spark/.ivy2/jars/org.spark-project.spark_unused-1.0.0.jar has been previously copied to /tmp/spark-a66d8619-d495-4f9b-ba0c-36bd954c90e3/userFiles-50ffec92-ffa1-4059-9db2-97b31de16601/org.spark-project.spark_unused-1.0.0.jar
22/07/19 15:25:04 INFO Executor: Fetching file:///opt/bitnami/spark/.ivy2/jars/org.lz4_lz4-java-1.7.1.jar with timestamp 1658244301343
22/07/19 15:25:04 INFO Utils: /opt/bitnami/spark/.ivy2/jars/org.lz4_lz4-java-1.7.1.jar has been previously copied to /tmp/spark-a66d8619-d495-4f9b-ba0c-36bd954c90e3/userFiles-50ffec92-ffa1-4059-9db2-97b31de16601/org.lz4_lz4-java-1.7.1.jar
22/07/19 15:25:04 INFO Executor: Fetching file:///opt/bitnami/spark/.ivy2/jars/org.slf4j_slf4j-api-1.7.30.jar with timestamp 1658244301343
22/07/19 15:25:04 INFO Utils: /opt/bitnami/spark/.ivy2/jars/org.slf4j_slf4j-api-1.7.30.jar has been previously copied to /tmp/spark-a66d8619-d495-4f9b-ba0c-36bd954c90e3/userFiles-50ffec92-ffa1-4059-9db2-97b31de16601/org.slf4j_slf4j-api-1.7.30.jar
22/07/19 15:25:04 INFO Executor: Fetching spark://7140c9ecfa3f:32985/jars/org.xerial.snappy_snappy-java-1.1.7.5.jar with timestamp 1658244301343
22/07/19 15:25:04 INFO TransportClientFactory: Successfully created connection to 7140c9ecfa3f/172.25.0.4:32985 after 72 ms (0 ms spent in bootstraps)
22/07/19 15:25:04 INFO Utils: Fetching spark://7140c9ecfa3f:32985/jars/org.xerial.snappy_snappy-java-1.1.7.5.jar to /tmp/spark-a66d8619-d495-4f9b-ba0c-36bd954c90e3/userFiles-50ffec92-ffa1-4059-9db2-97b31de16601/fetchFileTemp9183964423023139884.tmp
22/07/19 15:25:04 INFO Utils: /tmp/spark-a66d8619-d495-4f9b-ba0c-36bd954c90e3/userFiles-50ffec92-ffa1-4059-9db2-97b31de16601/fetchFileTemp9183964423023139884.tmp has been previously copied to /tmp/spark-a66d8619-d495-4f9b-ba0c-36bd954c90e3/userFiles-50ffec92-ffa1-4059-9db2-97b31de16601/org.xerial.snappy_snappy-java-1.1.7.5.jar
22/07/19 15:25:04 INFO Executor: Adding file:/tmp/spark-a66d8619-d495-4f9b-ba0c-36bd954c90e3/userFiles-50ffec92-ffa1-4059-9db2-97b31de16601/org.xerial.snappy_snappy-java-1.1.7.5.jar to class loader
22/07/19 15:25:04 INFO Executor: Fetching spark://7140c9ecfa3f:32985/jars/com.github.luben_zstd-jni-1.4.4-3.jar with timestamp 1658244301343
22/07/19 15:25:04 INFO Utils: Fetching spark://7140c9ecfa3f:32985/jars/com.github.luben_zstd-jni-1.4.4-3.jar to /tmp/spark-a66d8619-d495-4f9b-ba0c-36bd954c90e3/userFiles-50ffec92-ffa1-4059-9db2-97b31de16601/fetchFileTemp5050269585859801568.tmp
22/07/19 15:25:04 INFO Utils: /tmp/spark-a66d8619-d495-4f9b-ba0c-36bd954c90e3/userFiles-50ffec92-ffa1-4059-9db2-97b31de16601/fetchFileTemp5050269585859801568.tmp has been previously copied to /tmp/spark-a66d8619-d495-4f9b-ba0c-36bd954c90e3/userFiles-50ffec92-ffa1-4059-9db2-97b31de16601/com.github.luben_zstd-jni-1.4.4-3.jar
22/07/19 15:25:05 INFO Executor: Adding file:/tmp/spark-a66d8619-d495-4f9b-ba0c-36bd954c90e3/userFiles-50ffec92-ffa1-4059-9db2-97b31de16601/com.github.luben_zstd-jni-1.4.4-3.jar to class loader
22/07/19 15:25:05 INFO Executor: Fetching spark://7140c9ecfa3f:32985/jars/org.lz4_lz4-java-1.7.1.jar with timestamp 1658244301343
22/07/19 15:25:05 INFO Utils: Fetching spark://7140c9ecfa3f:32985/jars/org.lz4_lz4-java-1.7.1.jar to /tmp/spark-a66d8619-d495-4f9b-ba0c-36bd954c90e3/userFiles-50ffec92-ffa1-4059-9db2-97b31de16601/fetchFileTemp8473410830416903881.tmp
22/07/19 15:25:05 INFO Utils: /tmp/spark-a66d8619-d495-4f9b-ba0c-36bd954c90e3/userFiles-50ffec92-ffa1-4059-9db2-97b31de16601/fetchFileTemp8473410830416903881.tmp has been previously copied to /tmp/spark-a66d8619-d495-4f9b-ba0c-36bd954c90e3/userFiles-50ffec92-ffa1-4059-9db2-97b31de16601/org.lz4_lz4-java-1.7.1.jar
22/07/19 15:25:05 INFO Executor: Adding file:/tmp/spark-a66d8619-d495-4f9b-ba0c-36bd954c90e3/userFiles-50ffec92-ffa1-4059-9db2-97b31de16601/org.lz4_lz4-java-1.7.1.jar to class loader
22/07/19 15:25:05 INFO Executor: Fetching spark://7140c9ecfa3f:32985/jars/org.apache.kafka_kafka-clients-2.4.1.jar with timestamp 1658244301343
22/07/19 15:25:05 INFO Utils: Fetching spark://7140c9ecfa3f:32985/jars/org.apache.kafka_kafka-clients-2.4.1.jar to /tmp/spark-a66d8619-d495-4f9b-ba0c-36bd954c90e3/userFiles-50ffec92-ffa1-4059-9db2-97b31de16601/fetchFileTemp1382055757462179091.tmp
22/07/19 15:25:05 INFO Utils: /tmp/spark-a66d8619-d495-4f9b-ba0c-36bd954c90e3/userFiles-50ffec92-ffa1-4059-9db2-97b31de16601/fetchFileTemp1382055757462179091.tmp has been previously copied to /tmp/spark-a66d8619-d495-4f9b-ba0c-36bd954c90e3/userFiles-50ffec92-ffa1-4059-9db2-97b31de16601/org.apache.kafka_kafka-clients-2.4.1.jar
22/07/19 15:25:05 INFO Executor: Adding file:/tmp/spark-a66d8619-d495-4f9b-ba0c-36bd954c90e3/userFiles-50ffec92-ffa1-4059-9db2-97b31de16601/org.apache.kafka_kafka-clients-2.4.1.jar to class loader
22/07/19 15:25:05 INFO Executor: Fetching spark://7140c9ecfa3f:32985/jars/org.spark-project.spark_unused-1.0.0.jar with timestamp 1658244301343
22/07/19 15:25:05 INFO Utils: Fetching spark://7140c9ecfa3f:32985/jars/org.spark-project.spark_unused-1.0.0.jar to /tmp/spark-a66d8619-d495-4f9b-ba0c-36bd954c90e3/userFiles-50ffec92-ffa1-4059-9db2-97b31de16601/fetchFileTemp3160499721068265705.tmp
22/07/19 15:25:05 INFO Utils: /tmp/spark-a66d8619-d495-4f9b-ba0c-36bd954c90e3/userFiles-50ffec92-ffa1-4059-9db2-97b31de16601/fetchFileTemp3160499721068265705.tmp has been previously copied to /tmp/spark-a66d8619-d495-4f9b-ba0c-36bd954c90e3/userFiles-50ffec92-ffa1-4059-9db2-97b31de16601/org.spark-project.spark_unused-1.0.0.jar
22/07/19 15:25:05 INFO Executor: Adding file:/tmp/spark-a66d8619-d495-4f9b-ba0c-36bd954c90e3/userFiles-50ffec92-ffa1-4059-9db2-97b31de16601/org.spark-project.spark_unused-1.0.0.jar to class loader
22/07/19 15:25:05 INFO Executor: Fetching spark://7140c9ecfa3f:32985/jars/org.apache.spark_spark-token-provider-kafka-0-10_2.12-3.0.0.jar with timestamp 1658244301343
22/07/19 15:25:05 INFO Utils: Fetching spark://7140c9ecfa3f:32985/jars/org.apache.spark_spark-token-provider-kafka-0-10_2.12-3.0.0.jar to /tmp/spark-a66d8619-d495-4f9b-ba0c-36bd954c90e3/userFiles-50ffec92-ffa1-4059-9db2-97b31de16601/fetchFileTemp4599394663478457829.tmp
22/07/19 15:25:05 INFO Utils: /tmp/spark-a66d8619-d495-4f9b-ba0c-36bd954c90e3/userFiles-50ffec92-ffa1-4059-9db2-97b31de16601/fetchFileTemp4599394663478457829.tmp has been previously copied to /tmp/spark-a66d8619-d495-4f9b-ba0c-36bd954c90e3/userFiles-50ffec92-ffa1-4059-9db2-97b31de16601/org.apache.spark_spark-token-provider-kafka-0-10_2.12-3.0.0.jar
22/07/19 15:25:05 INFO Executor: Adding file:/tmp/spark-a66d8619-d495-4f9b-ba0c-36bd954c90e3/userFiles-50ffec92-ffa1-4059-9db2-97b31de16601/org.apache.spark_spark-token-provider-kafka-0-10_2.12-3.0.0.jar to class loader
22/07/19 15:25:05 INFO Executor: Fetching spark://7140c9ecfa3f:32985/jars/org.apache.spark_spark-sql-kafka-0-10_2.12-3.0.0.jar with timestamp 1658244301343
22/07/19 15:25:05 INFO Utils: Fetching spark://7140c9ecfa3f:32985/jars/org.apache.spark_spark-sql-kafka-0-10_2.12-3.0.0.jar to /tmp/spark-a66d8619-d495-4f9b-ba0c-36bd954c90e3/userFiles-50ffec92-ffa1-4059-9db2-97b31de16601/fetchFileTemp5786166263026982983.tmp
22/07/19 15:25:05 INFO Utils: /tmp/spark-a66d8619-d495-4f9b-ba0c-36bd954c90e3/userFiles-50ffec92-ffa1-4059-9db2-97b31de16601/fetchFileTemp5786166263026982983.tmp has been previously copied to /tmp/spark-a66d8619-d495-4f9b-ba0c-36bd954c90e3/userFiles-50ffec92-ffa1-4059-9db2-97b31de16601/org.apache.spark_spark-sql-kafka-0-10_2.12-3.0.0.jar
22/07/19 15:25:05 INFO Executor: Adding file:/tmp/spark-a66d8619-d495-4f9b-ba0c-36bd954c90e3/userFiles-50ffec92-ffa1-4059-9db2-97b31de16601/org.apache.spark_spark-sql-kafka-0-10_2.12-3.0.0.jar to class loader
22/07/19 15:25:05 INFO Executor: Fetching spark://7140c9ecfa3f:32985/jars/org.slf4j_slf4j-api-1.7.30.jar with timestamp 1658244301343
22/07/19 15:25:05 INFO Utils: Fetching spark://7140c9ecfa3f:32985/jars/org.slf4j_slf4j-api-1.7.30.jar to /tmp/spark-a66d8619-d495-4f9b-ba0c-36bd954c90e3/userFiles-50ffec92-ffa1-4059-9db2-97b31de16601/fetchFileTemp7741471819389351602.tmp
22/07/19 15:25:05 INFO Utils: /tmp/spark-a66d8619-d495-4f9b-ba0c-36bd954c90e3/userFiles-50ffec92-ffa1-4059-9db2-97b31de16601/fetchFileTemp7741471819389351602.tmp has been previously copied to /tmp/spark-a66d8619-d495-4f9b-ba0c-36bd954c90e3/userFiles-50ffec92-ffa1-4059-9db2-97b31de16601/org.slf4j_slf4j-api-1.7.30.jar
22/07/19 15:25:05 INFO Executor: Adding file:/tmp/spark-a66d8619-d495-4f9b-ba0c-36bd954c90e3/userFiles-50ffec92-ffa1-4059-9db2-97b31de16601/org.slf4j_slf4j-api-1.7.30.jar to class loader
22/07/19 15:25:05 INFO Executor: Fetching spark://7140c9ecfa3f:32985/jars/org.apache.commons_commons-pool2-2.6.2.jar with timestamp 1658244301343
22/07/19 15:25:05 INFO Utils: Fetching spark://7140c9ecfa3f:32985/jars/org.apache.commons_commons-pool2-2.6.2.jar to /tmp/spark-a66d8619-d495-4f9b-ba0c-36bd954c90e3/userFiles-50ffec92-ffa1-4059-9db2-97b31de16601/fetchFileTemp5476414655575926756.tmp
22/07/19 15:25:05 INFO Utils: /tmp/spark-a66d8619-d495-4f9b-ba0c-36bd954c90e3/userFiles-50ffec92-ffa1-4059-9db2-97b31de16601/fetchFileTemp5476414655575926756.tmp has been previously copied to /tmp/spark-a66d8619-d495-4f9b-ba0c-36bd954c90e3/userFiles-50ffec92-ffa1-4059-9db2-97b31de16601/org.apache.commons_commons-pool2-2.6.2.jar
22/07/19 15:25:05 INFO Executor: Adding file:/tmp/spark-a66d8619-d495-4f9b-ba0c-36bd954c90e3/userFiles-50ffec92-ffa1-4059-9db2-97b31de16601/org.apache.commons_commons-pool2-2.6.2.jar to class loader
22/07/19 15:25:05 INFO Utils: Successfully started service 'org.apache.spark.network.netty.NettyBlockTransferService' on port 39093.
22/07/19 15:25:05 INFO NettyBlockTransferService: Server created on 7140c9ecfa3f:39093
22/07/19 15:25:05 INFO BlockManager: Using org.apache.spark.storage.RandomBlockReplicationPolicy for block replication policy
22/07/19 15:25:05 INFO BlockManagerMaster: Registering BlockManager BlockManagerId(driver, 7140c9ecfa3f, 39093, None)
22/07/19 15:25:05 INFO BlockManagerMasterEndpoint: Registering block manager 7140c9ecfa3f:39093 with 366.3 MiB RAM, BlockManagerId(driver, 7140c9ecfa3f, 39093, None)
22/07/19 15:25:05 INFO BlockManagerMaster: Registered BlockManager BlockManagerId(driver, 7140c9ecfa3f, 39093, None)
22/07/19 15:25:05 INFO BlockManager: Initialized BlockManager: BlockManagerId(driver, 7140c9ecfa3f, 39093, None)
22/07/19 15:25:06 INFO SharedState: Setting hive.metastore.warehouse.dir ('null') to the value of spark.sql.warehouse.dir.
22/07/19 15:25:06 INFO SharedState: Warehouse path is 'file:/opt/bitnami/spark/spark-warehouse'.
22/07/19 15:25:12 WARN ResolveWriteToStream: Temporary checkpoint location created which is deleted normally when the query didn't fail: /tmp/temporary-b92b8621-1995-43ce-9f91-1170821984eb. If it's required to delete it under any circumstances, please set spark.sql.streaming.forceDeleteTempCheckpointLocation to true. Important to know deleting temp checkpoint folder is best effort.
22/07/19 15:25:12 WARN ResolveWriteToStream: spark.sql.adaptive.enabled is not supported in streaming DataFrames/Datasets and will be disabled.
-------------------------------------------
Batch: 0
-------------------------------------------
+--------+-----+
|customer|score|
+--------+-----+
+--------+-----+



^CERROR:root:Exception while sending command.
Traceback (most recent call last):
  File "/opt/bitnami/spark/python/lib/py4j-0.10.9.3-src.zip/py4j/clientserver.py", line 475, in send_command
    answer = smart_decode(self.stream.readline()[:-1])
RuntimeError: reentrant call inside <_io.BufferedReader name=3>

During handling of the above exception, another exception occurred:

Traceback (most recent call last):
  File "/opt/bitnami/spark/python/lib/py4j-0.10.9.3-src.zip/py4j/java_gateway.py", line 1038, in send_command
    response = connection.send_command(command)
  File "/opt/bitnami/spark/python/lib/py4j-0.10.9.3-src.zip/py4j/clientserver.py", line 503, in send_command
    raise Py4JNetworkError(
py4j.protocol.Py4JNetworkError: Error while sending or receiving
ERROR:root:Exception while sending command.
Traceback (most recent call last):
  File "/opt/bitnami/spark/python/lib/py4j-0.10.9.3-src.zip/py4j/clientserver.py", line 475, in send_command
    answer = smart_decode(self.stream.readline()[:-1])
  File "/opt/bitnami/python/lib/python3.8/socket.py", line 669, in readinto
    return self._sock.recv_into(b)
  File "/opt/bitnami/spark/python/lib/pyspark.zip/pyspark/context.py", line 292, in signal_handler
    self.cancelAllJobs()
  File "/opt/bitnami/spark/python/lib/pyspark.zip/pyspark/context.py", line 1195, in cancelAllJobs
    self._jsc.sc().cancelAllJobs()
  File "/opt/bitnami/spark/python/lib/py4j-0.10.9.3-src.zip/py4j/java_gateway.py", line 1321, in __call__
    return_value = get_return_value(
  File "/opt/bitnami/spark/python/lib/pyspark.zip/pyspark/sql/utils.py", line 111, in deco
    return f(*a, **kw)
  File "/opt/bitnami/spark/python/lib/py4j-0.10.9.3-src.zip/py4j/protocol.py", line 334, in get_return_value
    raise Py4JError(
py4j.protocol.Py4JError: An error occurred while calling o14.sc

During handling of the above exception, another exception occurred:

Traceback (most recent call last):
  File "/opt/bitnami/spark/python/lib/py4j-0.10.9.3-src.zip/py4j/java_gateway.py", line 1038, in send_command
    response = connection.send_command(command)
  File "/opt/bitnami/spark/python/lib/py4j-0.10.9.3-src.zip/py4j/clientserver.py", line 503, in send_command
    raise Py4JNetworkError(
py4j.protocol.Py4JNetworkError: Error while sending or receiving
Traceback (most recent call last):
  File "/home/workspace/starter/sparkpyeventskafkastreamtoconsole.py", line 35, in <module>
    customerRiskStreamingDF \
  File "/opt/bitnami/spark/python/lib/pyspark.zip/pyspark/sql/streaming.py", line 101, in awaitTermination
  File "/opt/bitnami/spark/python/lib/py4j-0.10.9.3-src.zip/py4j/java_gateway.py", line 1321, in __call__
  File "/opt/bitnami/spark/python/lib/pyspark.zip/pyspark/sql/utils.py", line 111, in deco
  File "/opt/bitnami/spark/python/lib/py4j-0.10.9.3-src.zip/py4j/protocol.py", line 334, in get_return_value
py4j.protocol.Py4JError: An error occurred while calling o49.awaitTermination
